<?xml version="1.0" encoding="UTF-8"?>
<!-- Generated by org.testng.reporters.JUnitXMLReporter -->
<testsuite hostname="img-windows2008" name="CHS" tests="17" failures="0" timestamp="11 Oct 2016 04:41:55 GMT" time="134.949" errors="0">
  <testcase name="test_01_010_010" time="0.298" classname="was.test.w4q16.LoginPageTVT"/>
  <testcase name="test_01_020_010" time="5.924" classname="was.test.w4q16.DeployTVT"/>
  <testcase name="test_01_020_020" time="3.177" classname="was.test.w4q16.DeployTVT"/>
  <testcase name="test_01_020_030" time="3.171" classname="was.test.w4q16.DeployTVT"/>
  <testcase name="test_01_020_040" time="3.214" classname="was.test.w4q16.DeployTVT"/>
  <testcase name="test_01_020_050" time="18.576" classname="was.test.w4q16.DeployTVT"/>
  <testcase name="test_01_020_060" time="6.314" classname="was.test.w4q16.DeployTVT"/>
  <testcase name="test_01_020_070" time="3.151" classname="was.test.w4q16.DeployTVT"/>
  <testcase name="test_01_020_080" time="18.55" classname="was.test.w4q16.DeployTVT"/>
  <testcase name="test_01_020_090" time="5.905" classname="was.test.w4q16.DeployTVT"/>
  <testcase name="test_01_020_100" time="3.157" classname="was.test.w4q16.DeployTVT"/>
  <testcase name="test_01_020_110" time="3.169" classname="was.test.w4q16.DeployTVT"/>
  <testcase name="test_01_020_120" time="3.152" classname="was.test.w4q16.DeployTVT"/>
  <testcase name="test_01_020_130" time="18.521" classname="was.test.w4q16.DeployTVT"/>
  <testcase name="test_01_020_140" time="6.298" classname="was.test.w4q16.DeployTVT"/>
  <testcase name="test_01_020_150" time="3.151" classname="was.test.w4q16.DeployTVT"/>
  <testcase name="test_01_020_160" time="18.661" classname="was.test.w4q16.DeployTVT"/>
</testsuite> <!-- CHS -->
