<?xml version="1.0" encoding="UTF-8"?>
<!-- Generated by org.testng.reporters.JUnitXMLReporter -->
<testsuite hostname="img-windows2008" name="CHT" tests="17" failures="0" timestamp="29 Sep 2016 10:28:57 GMT" time="106.128" errors="0">
  <testcase name="test_01_010_010" time="0.453" classname="was.test.w4q16.LoginPageTVT"/>
  <testcase name="test_01_020_010" time="4.164" classname="was.test.w4q16.DeployTVT"/>
  <testcase name="test_01_020_020" time="2.157" classname="was.test.w4q16.DeployTVT"/>
  <testcase name="test_01_020_030" time="2.241" classname="was.test.w4q16.DeployTVT"/>
  <testcase name="test_01_020_040" time="2.413" classname="was.test.w4q16.DeployTVT"/>
  <testcase name="test_01_020_050" time="12.896" classname="was.test.w4q16.DeployTVT"/>
  <testcase name="test_01_020_060" time="4.455" classname="was.test.w4q16.DeployTVT"/>
  <testcase name="test_01_020_070" time="2.343" classname="was.test.w4q16.DeployTVT"/>
  <testcase name="test_01_020_080" time="12.874" classname="was.test.w4q16.DeployTVT"/>
  <testcase name="test_01_020_090" time="4.011" classname="was.test.w4q16.DeployTVT"/>
  <testcase name="test_01_020_100" time="2.32" classname="was.test.w4q16.DeployTVT"/>
  <testcase name="test_01_020_110" time="2.324" classname="was.test.w4q16.DeployTVT"/>
  <testcase name="test_01_020_120" time="2.361" classname="was.test.w4q16.DeployTVT"/>
  <testcase name="test_01_020_130" time="13.119" classname="was.test.w4q16.DeployTVT"/>
  <testcase name="test_01_020_140" time="4.645" classname="was.test.w4q16.DeployTVT"/>
  <testcase name="test_01_020_150" time="2.478" classname="was.test.w4q16.DeployTVT"/>
  <testcase name="test_01_020_160" time="12.986" classname="was.test.w4q16.DeployTVT"/>
</testsuite> <!-- CHT -->
