<?xml version="1.0" encoding="UTF-8"?>
<!-- Generated by org.testng.reporters.JUnitXMLReporter -->
<testsuite hostname="img-windows2008" name="CSY" tests="17" failures="0" timestamp="30 Sep 2016 01:44:54 GMT" time="105.814" errors="0">
  <testcase name="test_01_010_010" time="0.578" classname="was.test.w4q16.LoginPageTVT"/>
  <testcase name="test_01_020_010" time="3.879" classname="was.test.w4q16.DeployTVT"/>
  <testcase name="test_01_020_020" time="2.244" classname="was.test.w4q16.DeployTVT"/>
  <testcase name="test_01_020_030" time="2.213" classname="was.test.w4q16.DeployTVT"/>
  <testcase name="test_01_020_040" time="2.489" classname="was.test.w4q16.DeployTVT"/>
  <testcase name="test_01_020_050" time="12.892" classname="was.test.w4q16.DeployTVT"/>
  <testcase name="test_01_020_060" time="4.502" classname="was.test.w4q16.DeployTVT"/>
  <testcase name="test_01_020_070" time="2.294" classname="was.test.w4q16.DeployTVT"/>
  <testcase name="test_01_020_080" time="12.881" classname="was.test.w4q16.DeployTVT"/>
  <testcase name="test_01_020_090" time="4.25" classname="was.test.w4q16.DeployTVT"/>
  <testcase name="test_01_020_100" time="2.24" classname="was.test.w4q16.DeployTVT"/>
  <testcase name="test_01_020_110" time="2.305" classname="was.test.w4q16.DeployTVT"/>
  <testcase name="test_01_020_120" time="2.206" classname="was.test.w4q16.DeployTVT"/>
  <testcase name="test_01_020_130" time="13.032" classname="was.test.w4q16.DeployTVT"/>
  <testcase name="test_01_020_140" time="4.423" classname="was.test.w4q16.DeployTVT"/>
  <testcase name="test_01_020_150" time="2.467" classname="was.test.w4q16.DeployTVT"/>
  <testcase name="test_01_020_160" time="12.857" classname="was.test.w4q16.DeployTVT"/>
</testsuite> <!-- CSY -->
