<?xml version="1.0" encoding="UTF-8"?>
<!-- Generated by org.testng.reporters.JUnitXMLReporter -->
<testsuite hostname="img-windows2008" name="DEU" tests="17" failures="0" timestamp="29 Sep 2016 10:33:08 GMT" time="101.578" errors="0">
  <testcase name="test_01_010_010" time="0.375" classname="was.test.w4q16.LoginPageTVT"/>
  <testcase name="test_01_020_010" time="4.481" classname="was.test.w4q16.DeployTVT"/>
  <testcase name="test_01_020_020" time="2.268" classname="was.test.w4q16.DeployTVT"/>
  <testcase name="test_01_020_030" time="2.255" classname="was.test.w4q16.DeployTVT"/>
  <testcase name="test_01_020_040" time="2.483" classname="was.test.w4q16.DeployTVT"/>
  <testcase name="test_01_020_050" time="13.162" classname="was.test.w4q16.DeployTVT"/>
  <testcase name="test_01_020_060" time="4.457" classname="was.test.w4q16.DeployTVT"/>
  <testcase name="test_01_020_070" time="2.225" classname="was.test.w4q16.DeployTVT"/>
  <testcase name="test_01_020_080" time="12.72" classname="was.test.w4q16.DeployTVT"/>
  <testcase name="test_01_020_090" time="4.35" classname="was.test.w4q16.DeployTVT"/>
  <testcase name="test_01_020_100" time="2.277" classname="was.test.w4q16.DeployTVT"/>
  <testcase name="test_01_020_110" time="2.305" classname="was.test.w4q16.DeployTVT"/>
  <testcase name="test_01_020_120" time="2.379" classname="was.test.w4q16.DeployTVT"/>
  <testcase name="test_01_020_130" time="12.825" classname="was.test.w4q16.DeployTVT"/>
  <testcase name="test_01_020_140" time="4.474" classname="was.test.w4q16.DeployTVT"/>
  <testcase name="test_01_020_150" time="2.238" classname="was.test.w4q16.DeployTVT"/>
  <testcase name="test_01_020_160" time="13.178" classname="was.test.w4q16.DeployTVT"/>
</testsuite> <!-- DEU -->
