<?xml version="1.0" encoding="UTF-8"?>
<!-- Generated by org.testng.reporters.JUnitXMLReporter -->
<testsuite hostname="img-windows2008" name="ESP" tests="17" failures="0" timestamp="29 Sep 2016 10:49:48 GMT" time="100.621" errors="0">
  <testcase name="test_01_010_010" time="0.469" classname="was.test.w4q16.LoginPageTVT"/>
  <testcase name="test_01_020_010" time="4.485" classname="was.test.w4q16.DeployTVT"/>
  <testcase name="test_01_020_020" time="2.257" classname="was.test.w4q16.DeployTVT"/>
  <testcase name="test_01_020_030" time="2.26" classname="was.test.w4q16.DeployTVT"/>
  <testcase name="test_01_020_040" time="2.448" classname="was.test.w4q16.DeployTVT"/>
  <testcase name="test_01_020_050" time="12.864" classname="was.test.w4q16.DeployTVT"/>
  <testcase name="test_01_020_060" time="4.399" classname="was.test.w4q16.DeployTVT"/>
  <testcase name="test_01_020_070" time="2.338" classname="was.test.w4q16.DeployTVT"/>
  <testcase name="test_01_020_080" time="13.113" classname="was.test.w4q16.DeployTVT"/>
  <testcase name="test_01_020_090" time="3.928" classname="was.test.w4q16.DeployTVT"/>
  <testcase name="test_01_020_100" time="2.317" classname="was.test.w4q16.DeployTVT"/>
  <testcase name="test_01_020_110" time="2.314" classname="was.test.w4q16.DeployTVT"/>
  <testcase name="test_01_020_120" time="2.4" classname="was.test.w4q16.DeployTVT"/>
  <testcase name="test_01_020_130" time="12.939" classname="was.test.w4q16.DeployTVT"/>
  <testcase name="test_01_020_140" time="4.61" classname="was.test.w4q16.DeployTVT"/>
  <testcase name="test_01_020_150" time="2.311" classname="was.test.w4q16.DeployTVT"/>
  <testcase name="test_01_020_160" time="13.126" classname="was.test.w4q16.DeployTVT"/>
</testsuite> <!-- ESP -->
