<?xml version="1.0" encoding="UTF-8"?>
<!-- Generated by org.testng.reporters.JUnitXMLReporter -->
<testsuite hostname="img-windows2008" name="FRA" tests="17" failures="0" timestamp="29 Sep 2016 10:34:49 GMT" time="100.305" errors="0">
  <testcase name="test_01_010_010" time="0.64" classname="was.test.w4q16.LoginPageTVT"/>
  <testcase name="test_01_020_010" time="3.882" classname="was.test.w4q16.DeployTVT"/>
  <testcase name="test_01_020_020" time="2.188" classname="was.test.w4q16.DeployTVT"/>
  <testcase name="test_01_020_030" time="2.305" classname="was.test.w4q16.DeployTVT"/>
  <testcase name="test_01_020_040" time="2.139" classname="was.test.w4q16.DeployTVT"/>
  <testcase name="test_01_020_050" time="13.01" classname="was.test.w4q16.DeployTVT"/>
  <testcase name="test_01_020_060" time="4.491" classname="was.test.w4q16.DeployTVT"/>
  <testcase name="test_01_020_070" time="2.257" classname="was.test.w4q16.DeployTVT"/>
  <testcase name="test_01_020_080" time="12.933" classname="was.test.w4q16.DeployTVT"/>
  <testcase name="test_01_020_090" time="4.497" classname="was.test.w4q16.DeployTVT"/>
  <testcase name="test_01_020_100" time="2.264" classname="was.test.w4q16.DeployTVT"/>
  <testcase name="test_01_020_110" time="2.179" classname="was.test.w4q16.DeployTVT"/>
  <testcase name="test_01_020_120" time="2.263" classname="was.test.w4q16.DeployTVT"/>
  <testcase name="test_01_020_130" time="12.95" classname="was.test.w4q16.DeployTVT"/>
  <testcase name="test_01_020_140" time="4.412" classname="was.test.w4q16.DeployTVT"/>
  <testcase name="test_01_020_150" time="2.292" classname="was.test.w4q16.DeployTVT"/>
  <testcase name="test_01_020_160" time="13.043" classname="was.test.w4q16.DeployTVT"/>
</testsuite> <!-- FRA -->
