<?xml version="1.0" encoding="UTF-8"?>
<!-- Generated by org.testng.reporters.JUnitXMLReporter -->
<testsuite hostname="img-windows2008" name="HUN" tests="17" failures="0" timestamp="29 Sep 2016 10:36:29 GMT" time="100.32" errors="0">
  <testcase name="test_01_010_010" time="0.39" classname="was.test.w4q16.LoginPageTVT"/>
  <testcase name="test_01_020_010" time="3.756" classname="was.test.w4q16.DeployTVT"/>
  <testcase name="test_01_020_020" time="2.321" classname="was.test.w4q16.DeployTVT"/>
  <testcase name="test_01_020_030" time="2.324" classname="was.test.w4q16.DeployTVT"/>
  <testcase name="test_01_020_040" time="2.196" classname="was.test.w4q16.DeployTVT"/>
  <testcase name="test_01_020_050" time="12.959" classname="was.test.w4q16.DeployTVT"/>
  <testcase name="test_01_020_060" time="4.529" classname="was.test.w4q16.DeployTVT"/>
  <testcase name="test_01_020_070" time="2.208" classname="was.test.w4q16.DeployTVT"/>
  <testcase name="test_01_020_080" time="12.848" classname="was.test.w4q16.DeployTVT"/>
  <testcase name="test_01_020_090" time="4.173" classname="was.test.w4q16.DeployTVT"/>
  <testcase name="test_01_020_100" time="2.378" classname="was.test.w4q16.DeployTVT"/>
  <testcase name="test_01_020_110" time="2.229" classname="was.test.w4q16.DeployTVT"/>
  <testcase name="test_01_020_120" time="2.295" classname="was.test.w4q16.DeployTVT"/>
  <testcase name="test_01_020_130" time="12.585" classname="was.test.w4q16.DeployTVT"/>
  <testcase name="test_01_020_140" time="4.348" classname="was.test.w4q16.DeployTVT"/>
  <testcase name="test_01_020_150" time="2.254" classname="was.test.w4q16.DeployTVT"/>
  <testcase name="test_01_020_160" time="12.893" classname="was.test.w4q16.DeployTVT"/>
</testsuite> <!-- HUN -->
