<?xml version="1.0" encoding="UTF-8"?>
<!-- Generated by org.testng.reporters.JUnitXMLReporter -->
<testsuite hostname="img-windows2008" name="ITA" tests="17" failures="0" timestamp="29 Sep 2016 10:38:09 GMT" time="99.691" errors="0">
  <testcase name="test_01_010_010" time="0.547" classname="was.test.w4q16.LoginPageTVT"/>
  <testcase name="test_01_020_010" time="4.208" classname="was.test.w4q16.DeployTVT"/>
  <testcase name="test_01_020_020" time="2.197" classname="was.test.w4q16.DeployTVT"/>
  <testcase name="test_01_020_030" time="2.203" classname="was.test.w4q16.DeployTVT"/>
  <testcase name="test_01_020_040" time="2.288" classname="was.test.w4q16.DeployTVT"/>
  <testcase name="test_01_020_050" time="12.918" classname="was.test.w4q16.DeployTVT"/>
  <testcase name="test_01_020_060" time="4.671" classname="was.test.w4q16.DeployTVT"/>
  <testcase name="test_01_020_070" time="2.257" classname="was.test.w4q16.DeployTVT"/>
  <testcase name="test_01_020_080" time="12.774" classname="was.test.w4q16.DeployTVT"/>
  <testcase name="test_01_020_090" time="4.205" classname="was.test.w4q16.DeployTVT"/>
  <testcase name="test_01_020_100" time="2.331" classname="was.test.w4q16.DeployTVT"/>
  <testcase name="test_01_020_110" time="2.246" classname="was.test.w4q16.DeployTVT"/>
  <testcase name="test_01_020_120" time="2.278" classname="was.test.w4q16.DeployTVT"/>
  <testcase name="test_01_020_130" time="12.81" classname="was.test.w4q16.DeployTVT"/>
  <testcase name="test_01_020_140" time="4.509" classname="was.test.w4q16.DeployTVT"/>
  <testcase name="test_01_020_150" time="2.245" classname="was.test.w4q16.DeployTVT"/>
  <testcase name="test_01_020_160" time="12.73" classname="was.test.w4q16.DeployTVT"/>
</testsuite> <!-- ITA -->
