<?xml version="1.0" encoding="UTF-8"?>
<!-- Generated by org.testng.reporters.JUnitXMLReporter -->
<testsuite hostname="img-windows2008" name="JPN" tests="17" failures="0" timestamp="29 Sep 2016 10:39:50 GMT" time="100.977" errors="0">
  <testcase name="test_01_010_010" time="0.531" classname="was.test.w4q16.LoginPageTVT"/>
  <testcase name="test_01_020_010" time="4.023" classname="was.test.w4q16.DeployTVT"/>
  <testcase name="test_01_020_020" time="2.268" classname="was.test.w4q16.DeployTVT"/>
  <testcase name="test_01_020_030" time="2.259" classname="was.test.w4q16.DeployTVT"/>
  <testcase name="test_01_020_040" time="2.378" classname="was.test.w4q16.DeployTVT"/>
  <testcase name="test_01_020_050" time="12.733" classname="was.test.w4q16.DeployTVT"/>
  <testcase name="test_01_020_060" time="4.443" classname="was.test.w4q16.DeployTVT"/>
  <testcase name="test_01_020_070" time="2.201" classname="was.test.w4q16.DeployTVT"/>
  <testcase name="test_01_020_080" time="12.886" classname="was.test.w4q16.DeployTVT"/>
  <testcase name="test_01_020_090" time="3.949" classname="was.test.w4q16.DeployTVT"/>
  <testcase name="test_01_020_100" time="2.206" classname="was.test.w4q16.DeployTVT"/>
  <testcase name="test_01_020_110" time="2.261" classname="was.test.w4q16.DeployTVT"/>
  <testcase name="test_01_020_120" time="2.425" classname="was.test.w4q16.DeployTVT"/>
  <testcase name="test_01_020_130" time="12.843" classname="was.test.w4q16.DeployTVT"/>
  <testcase name="test_01_020_140" time="4.379" classname="was.test.w4q16.DeployTVT"/>
  <testcase name="test_01_020_150" time="2.191" classname="was.test.w4q16.DeployTVT"/>
  <testcase name="test_01_020_160" time="12.894" classname="was.test.w4q16.DeployTVT"/>
</testsuite> <!-- JPN -->
