<?xml version="1.0" encoding="UTF-8"?>
<!-- Generated by org.testng.reporters.JUnitXMLReporter -->
<testsuite hostname="img-windows2008" name="KOR" tests="17" failures="0" timestamp="29 Sep 2016 10:41:30 GMT" time="100.517" errors="0">
  <testcase name="test_01_010_010" time="0.391" classname="was.test.w4q16.LoginPageTVT"/>
  <testcase name="test_01_020_010" time="4.106" classname="was.test.w4q16.DeployTVT"/>
  <testcase name="test_01_020_020" time="2.22" classname="was.test.w4q16.DeployTVT"/>
  <testcase name="test_01_020_030" time="2.226" classname="was.test.w4q16.DeployTVT"/>
  <testcase name="test_01_020_040" time="2.228" classname="was.test.w4q16.DeployTVT"/>
  <testcase name="test_01_020_050" time="13.001" classname="was.test.w4q16.DeployTVT"/>
  <testcase name="test_01_020_060" time="4.506" classname="was.test.w4q16.DeployTVT"/>
  <testcase name="test_01_020_070" time="2.381" classname="was.test.w4q16.DeployTVT"/>
  <testcase name="test_01_020_080" time="13.039" classname="was.test.w4q16.DeployTVT"/>
  <testcase name="test_01_020_090" time="4.191" classname="was.test.w4q16.DeployTVT"/>
  <testcase name="test_01_020_100" time="2.263" classname="was.test.w4q16.DeployTVT"/>
  <testcase name="test_01_020_110" time="2.263" classname="was.test.w4q16.DeployTVT"/>
  <testcase name="test_01_020_120" time="2.25" classname="was.test.w4q16.DeployTVT"/>
  <testcase name="test_01_020_130" time="12.695" classname="was.test.w4q16.DeployTVT"/>
  <testcase name="test_01_020_140" time="4.266" classname="was.test.w4q16.DeployTVT"/>
  <testcase name="test_01_020_150" time="2.158" classname="was.test.w4q16.DeployTVT"/>
  <testcase name="test_01_020_160" time="13.151" classname="was.test.w4q16.DeployTVT"/>
</testsuite> <!-- KOR -->
