<?xml version="1.0" encoding="UTF-8"?>
<!-- Generated by org.testng.reporters.JUnitXMLReporter -->
<testsuite hostname="img-windows2008" name="PLK" tests="17" failures="0" timestamp="29 Sep 2016 10:43:11 GMT" time="100.831" errors="0">
  <testcase name="test_01_010_010" time="0.407" classname="was.test.w4q16.LoginPageTVT"/>
  <testcase name="test_01_020_010" time="4.23" classname="was.test.w4q16.DeployTVT"/>
  <testcase name="test_01_020_020" time="2.294" classname="was.test.w4q16.DeployTVT"/>
  <testcase name="test_01_020_030" time="2.272" classname="was.test.w4q16.DeployTVT"/>
  <testcase name="test_01_020_040" time="2.258" classname="was.test.w4q16.DeployTVT"/>
  <testcase name="test_01_020_050" time="12.82" classname="was.test.w4q16.DeployTVT"/>
  <testcase name="test_01_020_060" time="4.586" classname="was.test.w4q16.DeployTVT"/>
  <testcase name="test_01_020_070" time="2.264" classname="was.test.w4q16.DeployTVT"/>
  <testcase name="test_01_020_080" time="12.814" classname="was.test.w4q16.DeployTVT"/>
  <testcase name="test_01_020_090" time="4.381" classname="was.test.w4q16.DeployTVT"/>
  <testcase name="test_01_020_100" time="2.258" classname="was.test.w4q16.DeployTVT"/>
  <testcase name="test_01_020_110" time="2.298" classname="was.test.w4q16.DeployTVT"/>
  <testcase name="test_01_020_120" time="2.281" classname="was.test.w4q16.DeployTVT"/>
  <testcase name="test_01_020_130" time="12.773" classname="was.test.w4q16.DeployTVT"/>
  <testcase name="test_01_020_140" time="4.734" classname="was.test.w4q16.DeployTVT"/>
  <testcase name="test_01_020_150" time="2.244" classname="was.test.w4q16.DeployTVT"/>
  <testcase name="test_01_020_160" time="12.871" classname="was.test.w4q16.DeployTVT"/>
</testsuite> <!-- PLK -->
