<?xml version="1.0" encoding="UTF-8"?>
<!-- Generated by org.testng.reporters.JUnitXMLReporter -->
<testsuite hostname="img-windows2008" name="PTB" tests="17" failures="0" timestamp="29 Sep 2016 10:44:49 GMT" time="97.855" errors="0">
  <testcase name="test_01_010_010" time="0.391" classname="was.test.w4q16.LoginPageTVT"/>
  <testcase name="test_01_020_010" time="4.263" classname="was.test.w4q16.DeployTVT"/>
  <testcase name="test_01_020_020" time="2.266" classname="was.test.w4q16.DeployTVT"/>
  <testcase name="test_01_020_030" time="2.188" classname="was.test.w4q16.DeployTVT"/>
  <testcase name="test_01_020_040" time="2.25" classname="was.test.w4q16.DeployTVT"/>
  <testcase name="test_01_020_050" time="12.913" classname="was.test.w4q16.DeployTVT"/>
  <testcase name="test_01_020_060" time="4.492" classname="was.test.w4q16.DeployTVT"/>
  <testcase name="test_01_020_070" time="2.247" classname="was.test.w4q16.DeployTVT"/>
  <testcase name="test_01_020_080" time="12.834" classname="was.test.w4q16.DeployTVT"/>
  <testcase name="test_01_020_090" time="4.113" classname="was.test.w4q16.DeployTVT"/>
  <testcase name="test_01_020_100" time="2.237" classname="was.test.w4q16.DeployTVT"/>
  <testcase name="test_01_020_110" time="2.157" classname="was.test.w4q16.DeployTVT"/>
  <testcase name="test_01_020_120" time="2.282" classname="was.test.w4q16.DeployTVT"/>
  <testcase name="test_01_020_130" time="12.689" classname="was.test.w4q16.DeployTVT"/>
  <testcase name="test_01_020_140" time="4.614" classname="was.test.w4q16.DeployTVT"/>
  <testcase name="test_01_020_150" time="2.25" classname="was.test.w4q16.DeployTVT"/>
  <testcase name="test_01_020_160" time="12.694" classname="was.test.w4q16.DeployTVT"/>
</testsuite> <!-- PTB -->
