<?xml version="1.0" encoding="UTF-8"?>
<!-- Generated by org.testng.reporters.JUnitXMLReporter -->
<testsuite hostname="img-windows2008" name="PTB" tests="17" failures="0" timestamp="11 Oct 2016 08:10:39 GMT" time="135.045" errors="0">
  <testcase name="test_01_010_010" time="0.317" classname="was.test.w4q16.LoginPageTVT"/>
  <testcase name="test_01_020_010" time="5.949" classname="was.test.w4q16.DeployTVT"/>
  <testcase name="test_01_020_020" time="3.181" classname="was.test.w4q16.DeployTVT"/>
  <testcase name="test_01_020_030" time="3.177" classname="was.test.w4q16.DeployTVT"/>
  <testcase name="test_01_020_040" time="3.226" classname="was.test.w4q16.DeployTVT"/>
  <testcase name="test_01_020_050" time="18.594" classname="was.test.w4q16.DeployTVT"/>
  <testcase name="test_01_020_060" time="6.334" classname="was.test.w4q16.DeployTVT"/>
  <testcase name="test_01_020_070" time="3.156" classname="was.test.w4q16.DeployTVT"/>
  <testcase name="test_01_020_080" time="18.61" classname="was.test.w4q16.DeployTVT"/>
  <testcase name="test_01_020_090" time="5.891" classname="was.test.w4q16.DeployTVT"/>
  <testcase name="test_01_020_100" time="3.164" classname="was.test.w4q16.DeployTVT"/>
  <testcase name="test_01_020_110" time="3.154" classname="was.test.w4q16.DeployTVT"/>
  <testcase name="test_01_020_120" time="3.151" classname="was.test.w4q16.DeployTVT"/>
  <testcase name="test_01_020_130" time="18.51" classname="was.test.w4q16.DeployTVT"/>
  <testcase name="test_01_020_140" time="6.285" classname="was.test.w4q16.DeployTVT"/>
  <testcase name="test_01_020_150" time="3.163" classname="was.test.w4q16.DeployTVT"/>
  <testcase name="test_01_020_160" time="19.645" classname="was.test.w4q16.DeployTVT"/>
</testsuite> <!-- PTB -->
