<?xml version="1.0" encoding="UTF-8"?>
<!-- Generated by org.testng.reporters.JUnitXMLReporter -->
<testsuite hostname="img-windows2008" name="ROM" tests="17" failures="0" timestamp="29 Sep 2016 10:46:29 GMT" time="99.634" errors="0">
  <testcase name="test_01_010_010" time="0.344" classname="was.test.w4q16.LoginPageTVT"/>
  <testcase name="test_01_020_010" time="4.642" classname="was.test.w4q16.DeployTVT"/>
  <testcase name="test_01_020_020" time="2.291" classname="was.test.w4q16.DeployTVT"/>
  <testcase name="test_01_020_030" time="2.283" classname="was.test.w4q16.DeployTVT"/>
  <testcase name="test_01_020_040" time="2.406" classname="was.test.w4q16.DeployTVT"/>
  <testcase name="test_01_020_050" time="13.205" classname="was.test.w4q16.DeployTVT"/>
  <testcase name="test_01_020_060" time="4.552" classname="was.test.w4q16.DeployTVT"/>
  <testcase name="test_01_020_070" time="2.227" classname="was.test.w4q16.DeployTVT"/>
  <testcase name="test_01_020_080" time="12.798" classname="was.test.w4q16.DeployTVT"/>
  <testcase name="test_01_020_090" time="4.204" classname="was.test.w4q16.DeployTVT"/>
  <testcase name="test_01_020_100" time="2.256" classname="was.test.w4q16.DeployTVT"/>
  <testcase name="test_01_020_110" time="2.282" classname="was.test.w4q16.DeployTVT"/>
  <testcase name="test_01_020_120" time="2.296" classname="was.test.w4q16.DeployTVT"/>
  <testcase name="test_01_020_130" time="13.064" classname="was.test.w4q16.DeployTVT"/>
  <testcase name="test_01_020_140" time="4.378" classname="was.test.w4q16.DeployTVT"/>
  <testcase name="test_01_020_150" time="2.271" classname="was.test.w4q16.DeployTVT"/>
  <testcase name="test_01_020_160" time="13.057" classname="was.test.w4q16.DeployTVT"/>
</testsuite> <!-- ROM -->
