<?xml version="1.0" encoding="UTF-8"?>
<!-- Generated by org.testng.reporters.JUnitXMLReporter -->
<testsuite hostname="img-windows2008" name="RUS" tests="17" failures="0" timestamp="11 Oct 2016 07:44:57 GMT" time="134.349" errors="0">
  <testcase name="test_01_010_010" time="0.421" classname="was.test.w4q16.LoginPageTVT"/>
  <testcase name="test_01_020_010" time="5.999" classname="was.test.w4q16.DeployTVT"/>
  <testcase name="test_01_020_020" time="3.228" classname="was.test.w4q16.DeployTVT"/>
  <testcase name="test_01_020_030" time="3.184" classname="was.test.w4q16.DeployTVT"/>
  <testcase name="test_01_020_040" time="3.159" classname="was.test.w4q16.DeployTVT"/>
  <testcase name="test_01_020_050" time="18.627" classname="was.test.w4q16.DeployTVT"/>
  <testcase name="test_01_020_060" time="6.326" classname="was.test.w4q16.DeployTVT"/>
  <testcase name="test_01_020_070" time="3.18" classname="was.test.w4q16.DeployTVT"/>
  <testcase name="test_01_020_080" time="18.561" classname="was.test.w4q16.DeployTVT"/>
  <testcase name="test_01_020_090" time="5.847" classname="was.test.w4q16.DeployTVT"/>
  <testcase name="test_01_020_100" time="3.15" classname="was.test.w4q16.DeployTVT"/>
  <testcase name="test_01_020_110" time="3.159" classname="was.test.w4q16.DeployTVT"/>
  <testcase name="test_01_020_120" time="3.148" classname="was.test.w4q16.DeployTVT"/>
  <testcase name="test_01_020_130" time="18.521" classname="was.test.w4q16.DeployTVT"/>
  <testcase name="test_01_020_140" time="6.283" classname="was.test.w4q16.DeployTVT"/>
  <testcase name="test_01_020_150" time="3.159" classname="was.test.w4q16.DeployTVT"/>
  <testcase name="test_01_020_160" time="19.657" classname="was.test.w4q16.DeployTVT"/>
</testsuite> <!-- RUS -->
