<?xml version="1.0" encoding="UTF-8"?>
<!-- Generated by org.testng.reporters.JUnitXMLReporter -->
<testsuite hostname="img-windows2008" name="RUS" tests="17" failures="0" timestamp="29 Sep 2016 10:48:07 GMT" time="98.76" errors="0">
  <testcase name="test_01_010_010" time="0.391" classname="was.test.w4q16.LoginPageTVT"/>
  <testcase name="test_01_020_010" time="4.306" classname="was.test.w4q16.DeployTVT"/>
  <testcase name="test_01_020_020" time="2.178" classname="was.test.w4q16.DeployTVT"/>
  <testcase name="test_01_020_030" time="2.248" classname="was.test.w4q16.DeployTVT"/>
  <testcase name="test_01_020_040" time="2.321" classname="was.test.w4q16.DeployTVT"/>
  <testcase name="test_01_020_050" time="12.896" classname="was.test.w4q16.DeployTVT"/>
  <testcase name="test_01_020_060" time="4.479" classname="was.test.w4q16.DeployTVT"/>
  <testcase name="test_01_020_070" time="2.261" classname="was.test.w4q16.DeployTVT"/>
  <testcase name="test_01_020_080" time="12.893" classname="was.test.w4q16.DeployTVT"/>
  <testcase name="test_01_020_090" time="3.898" classname="was.test.w4q16.DeployTVT"/>
  <testcase name="test_01_020_100" time="2.333" classname="was.test.w4q16.DeployTVT"/>
  <testcase name="test_01_020_110" time="2.275" classname="was.test.w4q16.DeployTVT"/>
  <testcase name="test_01_020_120" time="2.327" classname="was.test.w4q16.DeployTVT"/>
  <testcase name="test_01_020_130" time="12.778" classname="was.test.w4q16.DeployTVT"/>
  <testcase name="test_01_020_140" time="4.348" classname="was.test.w4q16.DeployTVT"/>
  <testcase name="test_01_020_150" time="2.23" classname="was.test.w4q16.DeployTVT"/>
  <testcase name="test_01_020_160" time="12.792" classname="was.test.w4q16.DeployTVT"/>
</testsuite> <!-- RUS -->
